2020.11.01 23:38:22 INFO  started: Metals version 0.9.4 in workspace '/Users/bhoward/Git/CSC426Public/TraversalDemo' .
2020.11.01 23:38:26 INFO  time: initialize in 4.21s
2020.11.01 23:38:28 WARN  no build tool detected in workspace '/Users/bhoward/Git/CSC426Public/TraversalDemo'. The most common cause for this problem is that the editor was opened in the wrong working directory, for example if you use sbt then the workspace directory should contain build.sbt. 
2020.11.01 23:38:34 INFO  no build target: using presentation compiler with only scala-library
2020.11.01 23:38:34 WARN  no build target for: /Users/bhoward/Git/CSC426Public/TraversalDemo/src/main/scala/Checker.scala
2020.11.01 23:38:42 WARN  no build target for: /Users/bhoward/Git/CSC426Public/TraversalDemo/src/main/scala/Generator.scala
2020.11.01 23:39:02 WARN  no build target for: /Users/bhoward/Git/CSC426Public/TraversalDemo/src/main/scala/Generator.scala
2020.11.01 23:48:41 WARN  no build target for: /Users/bhoward/Git/CSC426Public/TraversalDemo/src/main/scala/Generator.scala
2020.11.01 23:49:12 INFO  shutting down Metals
2020.11.01 23:49:35 INFO  started: Metals version 0.9.4 in workspace '/Users/bhoward/Git/CSC426Public/TraversalDemo' .
2020.11.01 23:49:37 INFO  time: initialize in 2.35s
2020.11.01 23:49:43 INFO  no build target: using presentation compiler with only scala-library
2020.11.01 23:49:43 WARN  no build target for: /Users/bhoward/Git/CSC426Public/TraversalDemo/src/main/scala/Generator.scala
2020.11.01 23:49:43 INFO  running '/Library/Java/JavaVirtualMachines/adoptopenjdk-11.jdk/Contents/Home/bin/java -Djline.terminal=jline.UnsupportedTerminal -Dsbt.log.noformat=true -Dfile.encoding=UTF-8 -jar /var/folders/ss/kd6nm2t52ngfj9yl4vjlsssr0000zj/T/metals14583298146614390166/sbt-launch.jar -Dbloop.export-jar-classifiers=sources bloopInstall'
2020.11.01 23:49:47 INFO  [info] welcome to sbt 1.4.1 (AdoptOpenJDK Java 11.0.7)
2020.11.01 23:49:50 INFO  [info] loading settings for project global-plugins from plugins.sbt ...
2020.11.01 23:49:51 INFO  [info] loading global plugins from /Users/bhoward/.sbt/1.0/plugins
2020.11.01 23:49:58 INFO  [info] loading settings for project traversaldemo-build-build from metals.sbt ...
2020.11.01 23:50:01 INFO  [info] loading project definition from /Users/bhoward/Git/CSC426Public/TraversalDemo/project/project
2020.11.01 23:50:10 INFO  [info] loading settings for project traversaldemo-build from metals.sbt ...
2020.11.01 23:50:11 INFO  [info] loading project definition from /Users/bhoward/Git/CSC426Public/TraversalDemo/project
2020.11.01 23:50:15 INFO  [success] Generated .bloop/traversaldemo-build.json
2020.11.01 23:50:15 INFO  [success] Total time: 4 s, completed Nov 1, 2020, 11:50:15 PM
2020.11.01 23:50:17 INFO  [info] loading settings for project root from build.sbt ...
2020.11.01 23:50:17 INFO  [info] set current project to TraversalDemo (in build file:/Users/bhoward/Git/CSC426Public/TraversalDemo/)
2020.11.01 23:50:17 INFO  [warn] there are 6 keys that are not used by any other settings/tasks:
2020.11.01 23:50:17 INFO  [warn]  
2020.11.01 23:50:17 INFO  [warn] * root / freshAuthor
2020.11.01 23:50:17 INFO  [warn]   +- /Users/bhoward/.sbt/1.0/build.sbt:4
2020.11.01 23:50:17 INFO  [warn] * root / freshLicense
2020.11.01 23:50:17 INFO  [warn]   +- /Users/bhoward/.sbt/1.0/build.sbt:5
2020.11.01 23:50:17 INFO  [warn] * root / freshOrganization
2020.11.01 23:50:17 INFO  [warn]   +- /Users/bhoward/.sbt/1.0/build.sbt:3
2020.11.01 23:50:17 INFO  [warn] * root / freshSetUpGit
2020.11.01 23:50:17 INFO  [warn]   +- /Users/bhoward/.sbt/1.0/build.sbt:6
2020.11.01 23:50:17 INFO  [warn] * root / freshSetUpTravis
2020.11.01 23:50:17 INFO  [warn]   +- /Users/bhoward/.sbt/1.0/build.sbt:7
2020.11.01 23:50:17 INFO  [warn] * root / freshSetUpWartremover
2020.11.01 23:50:17 INFO  [warn]   +- /Users/bhoward/.sbt/1.0/build.sbt:8
2020.11.01 23:50:17 INFO  [warn]  
2020.11.01 23:50:17 INFO  [warn] note: a setting might still be used by a command; to exclude a key from this `lintUnused` check
2020.11.01 23:50:17 INFO  [warn] either append it to `Global / excludeLintKeys` or call .withRank(KeyRanks.Invisible) on the key
2020.11.01 23:50:20 INFO  [success] Generated .bloop/root.json
2020.11.01 23:50:20 INFO  [success] Generated .bloop/root-test.json
2020.11.01 23:50:20 INFO  [success] Total time: 2 s, completed Nov 1, 2020, 11:50:20 PM
2020.11.01 23:50:20 INFO  build tool exit: 0
2020.11.01 23:50:21 INFO  time: ran 'sbt bloopInstall' in 37s
Starting the bsp launcher for bloop...
Opening a bsp server connection with 'bsp --protocol local --socket /var/folders/ss/kd6nm2t52ngfj9yl4vjlsssr0000zj/T/bsp-launcher11257443054798408609/bsp.socket'...
Waiting for the bsp connection to come up...
[0m[32m[D][0m Waiting for a connection at local:///var/folders/ss/kd6nm2t52ngfj9yl4vjlsssr0000zj/T/bsp-launcher11257443054798408609/bsp.socket...
The server is listening for incoming connections at local:///var/folders/ss/kd6nm2t52ngfj9yl4vjlsssr0000zj/T/bsp-launcher11257443054798408609/bsp.socket...
Starting thread that pumps stdin and redirects it to the bsp server...
Starting thread that pumps server stdout and redirects it to the client stdout...
2020.11.01 23:50:21 INFO  tracing is disabled for protocol BSP, to enable tracing of incoming and outgoing JSON messages create an empty file at /Users/bhoward/Library/Caches/org.scalameta.metals/bsp.trace.json
Starting the bsp launcher for bloop...
Opening a bsp server connection with 'bsp --protocol local --socket /var/folders/ss/kd6nm2t52ngfj9yl4vjlsssr0000zj/T/bsp-launcher16914612102860897837/bsp.socket'...
Waiting for the bsp connection to come up...
[0m[32m[D][0m Waiting for a connection at local:///var/folders/ss/kd6nm2t52ngfj9yl4vjlsssr0000zj/T/bsp-launcher16914612102860897837/bsp.socket...
The server is listening for incoming connections at local:///var/folders/ss/kd6nm2t52ngfj9yl4vjlsssr0000zj/T/bsp-launcher16914612102860897837/bsp.socket...
Starting thread that pumps stdin and redirects it to the bsp server...
Starting thread that pumps server stdout and redirects it to the client stdout...
2020.11.01 23:50:22 INFO  tracing is disabled for protocol BSP, to enable tracing of incoming and outgoing JSON messages create an empty file at /Users/bhoward/Library/Caches/org.scalameta.metals/bsp.trace.json
2020.11.01 23:50:22 INFO  time: connected to build server in 0.69s
2020.11.01 23:50:22 INFO  Connected to Build server v1.4.4-13-408f4d80
2020.11.01 23:50:38 INFO  time: indexed workspace in 15s
2020.11.01 23:50:38 INFO  compiling root (8 scala sources and 60 java sources)
2020.11.01 23:50:51 INFO  time: compiled root in 12s
2020.11.01 23:50:58 INFO  compiling root (1 scala source)
2020.11.01 23:51:00 INFO  time: compiled root in 1.52s
2020.11.01 23:51:18 INFO  compiling root (1 scala source)
2020.11.01 23:51:19 INFO  time: compiled root in 1.01s
2020.11.01 23:53:55 INFO  started: Metals version 0.9.4 in workspace '/Users/bhoward/Git/CSC426Public/TraversalDemo' for client vscode.
2020.11.01 23:53:58 INFO  time: initialize in 2.58s
Starting the bsp launcher for bloop...
Opening a bsp server connection with 'bsp --protocol local --socket /var/folders/ss/kd6nm2t52ngfj9yl4vjlsssr0000zj/T/bsp-launcher15156219959030213117/bsp.socket'...
Waiting for the bsp connection to come up...
2020.11.01 23:53:58 INFO  skipping build import with status 'Installed'
[0m[32m[D][0m Loading workspace settings from bloop.settings.json
[0m[32m[D][0m Waiting for a connection at local:///var/folders/ss/kd6nm2t52ngfj9yl4vjlsssr0000zj/T/bsp-launcher15156219959030213117/bsp.socket...
The server is listening for incoming connections at local:///var/folders/ss/kd6nm2t52ngfj9yl4vjlsssr0000zj/T/bsp-launcher15156219959030213117/bsp.socket...
Starting thread that pumps stdin and redirects it to the bsp server...
Starting thread that pumps server stdout and redirects it to the client stdout...
2020.11.01 23:53:58 INFO  tracing is disabled for protocol BSP, to enable tracing of incoming and outgoing JSON messages create an empty file at /Users/bhoward/Library/Caches/org.scalameta.metals/bsp.trace.json
Starting the bsp launcher for bloop...
Opening a bsp server connection with 'bsp --protocol local --socket /var/folders/ss/kd6nm2t52ngfj9yl4vjlsssr0000zj/T/bsp-launcher10463453837911358767/bsp.socket'...
Waiting for the bsp connection to come up...
[0m[32m[D][0m Loading workspace settings from bloop.settings.json
[0m[32m[D][0m Waiting for a connection at local:///var/folders/ss/kd6nm2t52ngfj9yl4vjlsssr0000zj/T/bsp-launcher10463453837911358767/bsp.socket...
The server is listening for incoming connections at local:///var/folders/ss/kd6nm2t52ngfj9yl4vjlsssr0000zj/T/bsp-launcher10463453837911358767/bsp.socket...
Starting thread that pumps stdin and redirects it to the bsp server...
Starting thread that pumps server stdout and redirects it to the client stdout...
2020.11.01 23:53:59 INFO  tracing is disabled for protocol BSP, to enable tracing of incoming and outgoing JSON messages create an empty file at /Users/bhoward/Library/Caches/org.scalameta.metals/bsp.trace.json
2020.11.01 23:53:59 INFO  time: connected to build server in 0.56s
2020.11.01 23:53:59 INFO  Connected to Build server v1.4.4-13-408f4d80
2020.11.01 23:54:39 INFO  time: indexed workspace in 40s
2020.11.01 23:55:05 INFO  tracing is disabled for protocol dap-server, to enable tracing of incoming and outgoing JSON messages create an empty file at /Users/bhoward/Library/Caches/org.scalameta.metals/dap-server.trace.json
2020.11.01 23:55:05 INFO  tracing is disabled for protocol dap-client, to enable tracing of incoming and outgoing JSON messages create an empty file at /Users/bhoward/Library/Caches/org.scalameta.metals/dap-client.trace.json
2020.11.01 23:55:05 INFO  Starting debug proxy for [Demo]
2020.11.01 23:55:06 INFO  Listening for transport dt_socket at address: 63564
2020.11.01 23:55:06 INFO  Trying to attach to remote debuggee VM localhost:63564 .
2020.11.01 23:55:06 INFO  Attaching to debuggee VM succeeded.
2020.11.01 23:55:06 WARN  [Warn] The debugger and the debuggee are running in different versions of JVMs. You could see wrong source mapping results.
Debugger JVM version: 14.0.1
Debuggee JVM version: 11.0.7
2020.11.01 23:55:06 INFO  42
2020.11.01 23:55:06 INFO  v1 := 17
2020.11.01 23:55:06 INFO  t3 := v1
2020.11.01 23:55:06 INFO  t4 := 8
2020.11.01 23:55:06 INFO  v2 := t3 AddI t4
2020.11.01 23:55:06 INFO  t6 := v1
2020.11.01 23:55:06 INFO  t7 := v2
2020.11.01 23:55:06 INFO  t5 := t6 AddI t7
2020.11.01 23:55:06 INFO  CALL PrintInt(t5)
2020.11.01 23:55:06 INFO  DONE
2020.11.01 23:55:06 INFO  Canceling debug proxy for [Demo]
